c:\users\sapph\source\repos\60-seconds-to-failure\x64\release\60 seconds to failure.ipdb
c:\users\sapph\source\repos\60-seconds-to-failure\x64\release\60 seconds to failure.iobj
c:\users\sapph\source\repos\60-seconds-to-failure\x64\release\vc143.pdb
c:\users\sapph\source\repos\60-seconds-to-failure\x64\release\vectortypes.obj
c:\users\sapph\source\repos\60-seconds-to-failure\x64\release\tile.obj
c:\users\sapph\source\repos\60-seconds-to-failure\x64\release\staticentity.obj
c:\users\sapph\source\repos\60-seconds-to-failure\x64\release\sprite.obj
c:\users\sapph\source\repos\60-seconds-to-failure\x64\release\player.obj
c:\users\sapph\source\repos\60-seconds-to-failure\x64\release\graphics.obj
c:\users\sapph\source\repos\60-seconds-to-failure\x64\release\gameworld.obj
c:\users\sapph\source\repos\60-seconds-to-failure\x64\release\gamearea.obj
c:\users\sapph\source\repos\60-seconds-to-failure\x64\release\game.obj
c:\users\sapph\source\repos\60-seconds-to-failure\x64\release\entity.obj
c:\users\sapph\source\repos\60-seconds-to-failure\x64\release\debugdraw.obj
c:\users\sapph\source\repos\60-seconds-to-failure\x64\release\contactlistener.obj
c:\users\sapph\source\repos\60-seconds-to-failure\x64\release\camera.obj
c:\users\sapph\source\repos\60-seconds-to-failure\x64\release\animation.obj
c:\users\sapph\source\repos\60-seconds-to-failure\x64\release\actor.obj
c:\users\sapph\source\repos\60-seconds-to-failure\x64\release\perlinnoise.obj
c:\users\sapph\source\repos\60-seconds-to-failure\x64\release\60 seconds to failure.exe
c:\users\sapph\source\repos\60-seconds-to-failure\x64\release\60 seconds to failure.pdb
c:\users\sapph\source\repos\60-seconds-to-failure\x64\release\60 secon.c0a4b3a8.tlog\60 seconds to failure.write.1u.tlog
c:\users\sapph\source\repos\60-seconds-to-failure\x64\release\60 secon.c0a4b3a8.tlog\cl.command.1.tlog
c:\users\sapph\source\repos\60-seconds-to-failure\x64\release\60 secon.c0a4b3a8.tlog\cl.read.1.tlog
c:\users\sapph\source\repos\60-seconds-to-failure\x64\release\60 secon.c0a4b3a8.tlog\cl.write.1.tlog
c:\users\sapph\source\repos\60-seconds-to-failure\x64\release\60 secon.c0a4b3a8.tlog\link.command.1.tlog
c:\users\sapph\source\repos\60-seconds-to-failure\x64\release\60 secon.c0a4b3a8.tlog\link.read.1.tlog
c:\users\sapph\source\repos\60-seconds-to-failure\x64\release\60 secon.c0a4b3a8.tlog\link.write.1.tlog
