  gameworld.cpp
C:\Users\Ian\source\repos\60-Seconds-To-Failure\include\graphics.h(10,33): warning C4305: 'initializing': truncation from 'double' to 'float'
C:\Users\Ian\source\repos\60-Seconds-To-Failure\include\contactlistener.h(14,2): warning C4091: 'typedef ': ignored on left of 'Contact' when no variable is declared
C:\Users\Ian\source\repos\60-Seconds-To-Failure\source\gameworld.cpp(11,54): warning C4244: 'argument': conversion from 'double' to 'float', possible loss of data
C:\Users\Ian\source\repos\60-Seconds-To-Failure\source\gameworld.cpp(28,16): warning C4244: 'argument': conversion from 'double' to 'float', possible loss of data
C:\Users\Ian\source\repos\60-Seconds-To-Failure\source\gameworld.cpp(29,15): warning C4244: 'argument': conversion from 'double' to 'float', possible loss of data
C:\Users\Ian\source\repos\60-Seconds-To-Failure\source\gameworld.cpp(30,27): warning C4244: 'argument': conversion from 'double' to 'float', possible loss of data
C:\Users\Ian\source\repos\60-Seconds-To-Failure\source\gameworld.cpp(30,15): warning C4244: 'argument': conversion from 'double' to 'float', possible loss of data
C:\Users\Ian\source\repos\60-Seconds-To-Failure\source\gameworld.cpp(31,28): warning C4244: 'argument': conversion from 'double' to 'float', possible loss of data
C:\Users\Ian\source\repos\60-Seconds-To-Failure\source\gameworld.cpp(31,16): warning C4244: 'argument': conversion from 'double' to 'float', possible loss of data
C:\Users\Ian\source\repos\60-Seconds-To-Failure\source\gameworld.cpp(85,81): warning C4305: 'argument': truncation from 'double' to 'float'
C:\Users\Ian\source\repos\60-Seconds-To-Failure\source\gameworld.cpp(85,81): warning C4267: 'argument': conversion from 'size_t' to 'int', possible loss of data
C:\Users\Ian\source\repos\60-Seconds-To-Failure\source\gameworld.cpp(105,30): warning C4244: 'argument': conversion from 'double' to 'Uint32', possible loss of data
C:\Users\Ian\source\repos\60-Seconds-To-Failure\source\gameworld.cpp(128,25): warning C4244: 'argument': conversion from 'double' to 'Uint32', possible loss of data
  player.cpp
C:\Users\Ian\source\repos\60-Seconds-To-Failure\include\graphics.h(10,33): warning C4305: 'initializing': truncation from 'double' to 'float'
C:\Users\Ian\source\repos\60-Seconds-To-Failure\source\player.cpp(24,17): warning C4305: '=': truncation from 'double' to 'float'
C:\Users\Ian\source\repos\60-Seconds-To-Failure\source\player.cpp(32,60): warning C4244: 'argument': conversion from 'double' to 'float', possible loss of data
C:\Users\Ian\source\repos\60-Seconds-To-Failure\source\player.cpp(32,37): warning C4244: 'argument': conversion from 'double' to 'float', possible loss of data
C:\Users\Ian\source\repos\60-Seconds-To-Failure\source\player.cpp(139,31): warning C4244: 'argument': conversion from 'double' to 'int', possible loss of data
C:\Users\Ian\source\repos\60-Seconds-To-Failure\source\player.cpp(159,37): warning C4244: 'argument': conversion from 'float' to 'int', possible loss of data
C:\Users\Ian\source\repos\60-Seconds-To-Failure\source\player.cpp(158,57): warning C4244: 'argument': conversion from 'float' to 'int', possible loss of data
C:\Users\Ian\source\repos\60-Seconds-To-Failure\source\player.cpp(170,36): warning C4244: 'argument': conversion from 'float' to 'Uint32', possible loss of data
  Generating code
  4 of 1105 functions ( 0.4%) were compiled, the rest were copied from previous compilation.
    0 functions were new in current compilation
    1 functions had inline decision re-evaluated but remain unchanged
  Finished generating code
  60 Seconds To Failure.vcxproj -> C:\Users\Ian\source\repos\60-Seconds-To-Failure\x64\Release\60 Seconds To Failure.exe
