d:\mydocuments\gf2d work\60stf\60-seconds-to-failure\debug\vc142.pdb
d:\mydocuments\gf2d work\60stf\60-seconds-to-failure\debug\vc142.idb
d:\mydocuments\gf2d work\60stf\60-seconds-to-failure\debug\vectortypes.obj
d:\mydocuments\gf2d work\60stf\60-seconds-to-failure\debug\sprite.obj
d:\mydocuments\gf2d work\60stf\60-seconds-to-failure\debug\graphics.obj
d:\mydocuments\gf2d work\60stf\60-seconds-to-failure\debug\game.obj
c:\users\ian\source\repos\60-seconds-to-failure\debug\vc143.pdb
c:\users\ian\source\repos\60-seconds-to-failure\debug\vc143.idb
c:\users\ian\source\repos\60-seconds-to-failure\debug\vectortypes.obj
c:\users\ian\source\repos\60-seconds-to-failure\debug\player.obj
c:\users\ian\source\repos\60-seconds-to-failure\debug\game.obj
c:\users\ian\source\repos\60-seconds-to-failure\debug\entity.obj
c:\users\ian\source\repos\60-seconds-to-failure\debug\actor.obj
c:\users\ian\source\repos\60-seconds-to-failure\debug\sprite.obj
c:\users\ian\source\repos\60-seconds-to-failure\debug\graphics.obj
c:\users\ian\source\repos\60-seconds-to-failure\debug\animation.obj
d:\mydocuments\gf2d work\60stf\60-seconds-to-failure\debug\60 seconds to failure.exe
d:\mydocuments\gf2d work\60stf\60-seconds-to-failure\debug\60 seconds to failure.ilk
d:\mydocuments\gf2d work\60stf\60-seconds-to-failure\debug\60 seconds to failure.pdb
c:\users\ian\source\repos\60-seconds-to-failure\debug\vc142.idb
c:\users\ian\source\repos\60-seconds-to-failure\debug\60 seconds to failure.pdb
c:\users\ian\source\repos\60-seconds-to-failure\debug\vc142.pdb
c:\users\ian\source\repos\60-seconds-to-failure\debug\60 secon.c0a4b3a8.tlog\cl.command.1.tlog
c:\users\ian\source\repos\60-seconds-to-failure\debug\60 secon.c0a4b3a8.tlog\cl.read.1.tlog
c:\users\ian\source\repos\60-seconds-to-failure\debug\60 secon.c0a4b3a8.tlog\cl.write.1.tlog
c:\users\ian\source\repos\60-seconds-to-failure\debug\60 secon.c0a4b3a8.tlog\link-cvtres.read.1.tlog
c:\users\ian\source\repos\60-seconds-to-failure\debug\60 secon.c0a4b3a8.tlog\link-cvtres.write.1.tlog
c:\users\ian\source\repos\60-seconds-to-failure\debug\60 secon.c0a4b3a8.tlog\link-rc.read.1.tlog
c:\users\ian\source\repos\60-seconds-to-failure\debug\60 secon.c0a4b3a8.tlog\link-rc.write.1.tlog
c:\users\ian\source\repos\60-seconds-to-failure\debug\60 secon.c0a4b3a8.tlog\link.command.1.tlog
c:\users\ian\source\repos\60-seconds-to-failure\debug\60 secon.c0a4b3a8.tlog\link.read.1.tlog
c:\users\ian\source\repos\60-seconds-to-failure\debug\60 secon.c0a4b3a8.tlog\link.write.1.tlog
