  actor.cpp
C:\Users\Ian\source\repos\60-Seconds-To-Failure\include\graphics.h(19,33): warning C4305: 'initializing': truncation from 'double' to 'float'
C:\Users\Ian\source\repos\60-Seconds-To-Failure\source\actor.cpp(127,16): warning C4018: '<': signed/unsigned mismatch
C:\Users\Ian\source\repos\60-Seconds-To-Failure\source\actor.cpp(123,9): warning C4101: 'j': unreferenced local variable
C:\Users\Ian\source\repos\60-Seconds-To-Failure\source\actor.cpp(212,13): warning C4244: '=': conversion from 'double' to 'float', possible loss of data
  animation.cpp
C:\Users\Ian\source\repos\60-Seconds-To-Failure\include\graphics.h(19,33): warning C4305: 'initializing': truncation from 'double' to 'float'
C:\Users\Ian\source\repos\60-Seconds-To-Failure\source\animation.cpp(37,26): warning C4018: '>=': signed/unsigned mismatch
  contactListener.cpp
C:\Users\Ian\source\repos\60-Seconds-To-Failure\include\contactlistener.h(3,10): fatal error C1083: Cannot open include file: 'box2d/box2d.h': No such file or directory
  debugdraw.cpp
C:\Users\Ian\source\repos\60-Seconds-To-Failure\include\debugdraw.h(3,10): fatal error C1083: Cannot open include file: 'box2d/b2_draw.h': No such file or directory
  entity.cpp
C:\Users\Ian\source\repos\60-Seconds-To-Failure\include\entity.h(4,10): fatal error C1083: Cannot open include file: 'box2d/box2d.h': No such file or directory
  game.cpp
C:\Users\Ian\source\repos\60-Seconds-To-Failure\include\graphics.h(19,33): warning C4305: 'initializing': truncation from 'double' to 'float'
C:\Users\Ian\source\repos\60-Seconds-To-Failure\include\entity.h(4,10): fatal error C1083: Cannot open include file: 'box2d/box2d.h': No such file or directory
  gamearea.cpp
C:\Users\Ian\source\repos\60-Seconds-To-Failure\include\entity.h(4,10): fatal error C1083: Cannot open include file: 'box2d/box2d.h': No such file or directory
  gameworld.cpp
C:\Users\Ian\source\repos\60-Seconds-To-Failure\include\entity.h(4,10): fatal error C1083: Cannot open include file: 'box2d/box2d.h': No such file or directory
  graphics.cpp
C:\Users\Ian\source\repos\60-Seconds-To-Failure\include\graphics.h(19,33): warning C4305: 'initializing': truncation from 'double' to 'float'
C:\Users\Ian\source\repos\60-Seconds-To-Failure\source\graphics.cpp(47,5): warning C4305: 'argument': truncation from 'unsigned int' to 'Uint8'
C:\Users\Ian\source\repos\60-Seconds-To-Failure\source\graphics.cpp(47,17): warning C4309: 'argument': truncation of constant value
C:\Users\Ian\source\repos\60-Seconds-To-Failure\source\graphics.cpp(70,31): warning C4244: '=': conversion from 'Uint32' to 'float', possible loss of data
C:\Users\Ian\source\repos\60-Seconds-To-Failure\source\graphics.cpp(78,25): warning C4244: 'argument': conversion from 'float' to 'Uint32', possible loss of data
C:\Users\Ian\source\repos\60-Seconds-To-Failure\source\graphics.cpp(81,21): warning C4244: '=': conversion from 'double' to 'float', possible loss of data
C:\Users\Ian\source\repos\60-Seconds-To-Failure\source\graphics.cpp(86,34): warning C4244: '=': conversion from 'Uint32' to 'float', possible loss of data
  inputdriver.cpp
  player.cpp
C:\Users\Ian\source\repos\60-Seconds-To-Failure\include\entity.h(4,10): fatal error C1083: Cannot open include file: 'box2d/box2d.h': No such file or directory
  sprite.cpp
C:\Users\Ian\source\repos\60-Seconds-To-Failure\include\graphics.h(19,33): warning C4305: 'initializing': truncation from 'double' to 'float'
C:\Users\Ian\source\repos\60-Seconds-To-Failure\source\sprite.cpp(106,3): warning C4244: 'argument': conversion from 'float' to 'int', possible loss of data
C:\Users\Ian\source\repos\60-Seconds-To-Failure\source\sprite.cpp(110,3): warning C4244: '=': conversion from 'double' to 'int', possible loss of data
C:\Users\Ian\source\repos\60-Seconds-To-Failure\source\sprite.cpp(111,21): warning C4244: '*=': conversion from 'double' to 'int', possible loss of data
C:\Users\Ian\source\repos\60-Seconds-To-Failure\source\sprite.cpp(112,21): warning C4244: '*=': conversion from 'double' to 'int', possible loss of data
C:\Users\Ian\source\repos\60-Seconds-To-Failure\source\sprite.cpp(135,14): warning C4244: 'argument': conversion from 'double' to 'Uint8', possible loss of data
C:\Users\Ian\source\repos\60-Seconds-To-Failure\source\sprite.cpp(134,14): warning C4244: 'argument': conversion from 'double' to 'Uint8', possible loss of data
C:\Users\Ian\source\repos\60-Seconds-To-Failure\source\sprite.cpp(133,14): warning C4244: 'argument': conversion from 'double' to 'Uint8', possible loss of data
C:\Users\Ian\source\repos\60-Seconds-To-Failure\source\sprite.cpp(138,14): warning C4244: 'argument': conversion from 'double' to 'Uint8', possible loss of data
C:\Users\Ian\source\repos\60-Seconds-To-Failure\source\sprite.cpp(147,1): warning C4244: '=': conversion from 'double' to 'int', possible loss of data
  staticentity.cpp
C:\Users\Ian\source\repos\60-Seconds-To-Failure\include\entity.h(4,10): fatal error C1083: Cannot open include file: 'box2d/box2d.h': No such file or directory
  Generating Code...
