c:\users\sapph\source\repos\ian-rosenberg\60-seconds-to-failure\x64\debug\vc143.pdb
c:\users\sapph\source\repos\ian-rosenberg\60-seconds-to-failure\x64\debug\vc143.idb
c:\users\sapph\source\repos\ian-rosenberg\60-seconds-to-failure\x64\debug\vectortypes.obj
c:\users\sapph\source\repos\ian-rosenberg\60-seconds-to-failure\x64\debug\tile.obj
c:\users\sapph\source\repos\ian-rosenberg\60-seconds-to-failure\x64\debug\staticentity.obj
c:\users\sapph\source\repos\ian-rosenberg\60-seconds-to-failure\x64\debug\sprite.obj
c:\users\sapph\source\repos\ian-rosenberg\60-seconds-to-failure\x64\debug\player.obj
c:\users\sapph\source\repos\ian-rosenberg\60-seconds-to-failure\x64\debug\graphics.obj
c:\users\sapph\source\repos\ian-rosenberg\60-seconds-to-failure\x64\debug\gameworld.obj
c:\users\sapph\source\repos\ian-rosenberg\60-seconds-to-failure\x64\debug\gamearea.obj
c:\users\sapph\source\repos\ian-rosenberg\60-seconds-to-failure\x64\debug\game.obj
c:\users\sapph\source\repos\ian-rosenberg\60-seconds-to-failure\x64\debug\entity.obj
c:\users\sapph\source\repos\ian-rosenberg\60-seconds-to-failure\x64\debug\drunkard.obj
c:\users\sapph\source\repos\ian-rosenberg\60-seconds-to-failure\x64\debug\debugdraw.obj
c:\users\sapph\source\repos\ian-rosenberg\60-seconds-to-failure\x64\debug\contactlistener.obj
c:\users\sapph\source\repos\ian-rosenberg\60-seconds-to-failure\x64\debug\camera.obj
c:\users\sapph\source\repos\ian-rosenberg\60-seconds-to-failure\x64\debug\animation.obj
c:\users\sapph\source\repos\ian-rosenberg\60-seconds-to-failure\x64\debug\actor.obj
c:\users\sapph\source\repos\ian-rosenberg\60-seconds-to-failure\build\x64\debug\60 seconds to failure.exe
c:\users\sapph\source\repos\ian-rosenberg\60-seconds-to-failure\x64\debug\60 seconds to failure.ilk
c:\users\sapph\source\repos\ian-rosenberg\60-seconds-to-failure\build\x64\debug\60 seconds to failure.pdb
c:\users\sapph\source\repos\ian-rosenberg\60-seconds-to-failure\x64\debug\tile.obj.enc
c:\users\sapph\source\repos\ian-rosenberg\60-seconds-to-failure\x64\debug\60 secon.c0a4b3a8.tlog\cl.command.1.tlog
c:\users\sapph\source\repos\ian-rosenberg\60-seconds-to-failure\x64\debug\60 secon.c0a4b3a8.tlog\cl.items.tlog
c:\users\sapph\source\repos\ian-rosenberg\60-seconds-to-failure\x64\debug\60 secon.c0a4b3a8.tlog\cl.read.1.tlog
c:\users\sapph\source\repos\ian-rosenberg\60-seconds-to-failure\x64\debug\60 secon.c0a4b3a8.tlog\cl.write.1.tlog
c:\users\sapph\source\repos\ian-rosenberg\60-seconds-to-failure\x64\debug\60 secon.c0a4b3a8.tlog\link.command.1.tlog
c:\users\sapph\source\repos\ian-rosenberg\60-seconds-to-failure\x64\debug\60 secon.c0a4b3a8.tlog\link.read.1.tlog
c:\users\sapph\source\repos\ian-rosenberg\60-seconds-to-failure\x64\debug\60 secon.c0a4b3a8.tlog\link.write.1.tlog
