  tile.cpp
C:\Users\sapph\source\repos\ian-rosenberg\60-Seconds-To-Failure\include\graphics.h(54,42): warning C4244: '=': conversion from 'Uint32' to 'float', possible loss of data
C:\Users\sapph\source\repos\ian-rosenberg\60-Seconds-To-Failure\include\animation.h(69,15): warning C4244: 'return': conversion from 'float' to 'int', possible loss of data
C:\Users\sapph\source\repos\ian-rosenberg\60-Seconds-To-Failure\source\tile.cpp(49,33): warning C4244: '+=': conversion from 'double' to 'int', possible loss of data
C:\Users\sapph\source\repos\ian-rosenberg\60-Seconds-To-Failure\source\tile.cpp(56,33): warning C4267: '=': conversion from 'size_t' to 'int', possible loss of data
C:\Users\sapph\source\repos\ian-rosenberg\60-Seconds-To-Failure\source\tile.cpp(66,23): warning C4267: '=': conversion from 'size_t' to 'int', possible loss of data
C:\Users\sapph\source\repos\ian-rosenberg\60-Seconds-To-Failure\source\tile.cpp(75,33): warning C4244: '+=': conversion from 'double' to 'int', possible loss of data
C:\Users\sapph\source\repos\ian-rosenberg\60-Seconds-To-Failure\source\tile.cpp(79,24): warning C4267: '=': conversion from 'size_t' to 'int', possible loss of data
C:\Users\sapph\source\repos\ian-rosenberg\60-Seconds-To-Failure\source\tile.cpp(83,27): warning C4267: '=': conversion from 'size_t' to 'int', possible loss of data
C:\Users\sapph\source\repos\ian-rosenberg\60-Seconds-To-Failure\source\tile.cpp(83,56): warning C4267: '=': conversion from 'size_t' to 'int', possible loss of data
C:\Users\sapph\source\repos\ian-rosenberg\60-Seconds-To-Failure\source\tile.cpp(99,26): warning C4244: 'argument': conversion from 'int' to 'float', possible loss of data
C:\Users\sapph\source\repos\ian-rosenberg\60-Seconds-To-Failure\source\tile.cpp(99,20): warning C4244: 'argument': conversion from 'int' to 'float', possible loss of data
C:\Users\sapph\source\repos\ian-rosenberg\60-Seconds-To-Failure\source\tile.cpp(101,33): warning C4244: '+=': conversion from 'double' to 'int', possible loss of data
C:\Users\sapph\source\repos\ian-rosenberg\60-Seconds-To-Failure\source\tile.cpp(107,37): warning C4267: '=': conversion from 'size_t' to 'int', possible loss of data
C:\Users\sapph\source\repos\ian-rosenberg\60-Seconds-To-Failure\source\tile.cpp(109,25): warning C4244: 'argument': conversion from 'int' to 'float', possible loss of data
C:\Users\sapph\source\repos\ian-rosenberg\60-Seconds-To-Failure\source\tile.cpp(109,19): warning C4244: 'argument': conversion from 'int' to 'float', possible loss of data
C:\Users\sapph\source\repos\ian-rosenberg\60-Seconds-To-Failure\source\tile.cpp(119,29): warning C4267: '=': conversion from 'size_t' to 'int', possible loss of data
C:\Users\sapph\source\repos\ian-rosenberg\60-Seconds-To-Failure\source\tile.cpp(123,26): warning C4244: 'argument': conversion from 'int' to 'float', possible loss of data
C:\Users\sapph\source\repos\ian-rosenberg\60-Seconds-To-Failure\source\tile.cpp(123,20): warning C4244: 'argument': conversion from 'int' to 'float', possible loss of data
C:\Users\sapph\source\repos\ian-rosenberg\60-Seconds-To-Failure\source\tile.cpp(125,33): warning C4244: '+=': conversion from 'double' to 'int', possible loss of data
C:\Users\sapph\source\repos\ian-rosenberg\60-Seconds-To-Failure\source\tile.cpp(131,33): warning C4267: '=': conversion from 'size_t' to 'int', possible loss of data
C:\Users\sapph\source\repos\ian-rosenberg\60-Seconds-To-Failure\source\tile.cpp(131,58): warning C4267: '=': conversion from 'size_t' to 'int', possible loss of data
C:\Users\sapph\source\repos\ian-rosenberg\60-Seconds-To-Failure\source\tile.cpp(133,25): warning C4244: 'argument': conversion from 'int' to 'float', possible loss of data
C:\Users\sapph\source\repos\ian-rosenberg\60-Seconds-To-Failure\source\tile.cpp(133,19): warning C4244: 'argument': conversion from 'int' to 'float', possible loss of data
C:\Users\sapph\source\repos\ian-rosenberg\60-Seconds-To-Failure\source\tile.cpp(163,26): warning C4244: 'argument': conversion from 'int' to 'float', possible loss of data
C:\Users\sapph\source\repos\ian-rosenberg\60-Seconds-To-Failure\source\tile.cpp(163,20): warning C4244: 'argument': conversion from 'int' to 'float', possible loss of data
C:\Users\sapph\source\repos\ian-rosenberg\60-Seconds-To-Failure\source\tile.cpp(165,33): warning C4244: '+=': conversion from 'double' to 'int', possible loss of data
C:\Users\sapph\source\repos\ian-rosenberg\60-Seconds-To-Failure\source\tile.cpp(171,37): warning C4267: '=': conversion from 'size_t' to 'int', possible loss of data
C:\Users\sapph\source\repos\ian-rosenberg\60-Seconds-To-Failure\source\tile.cpp(173,25): warning C4244: 'argument': conversion from 'int' to 'float', possible loss of data
C:\Users\sapph\source\repos\ian-rosenberg\60-Seconds-To-Failure\source\tile.cpp(173,19): warning C4244: 'argument': conversion from 'int' to 'float', possible loss of data
C:\Users\sapph\source\repos\ian-rosenberg\60-Seconds-To-Failure\source\tile.cpp(183,34): warning C4267: '=': conversion from 'size_t' to 'int', possible loss of data
C:\Users\sapph\source\repos\ian-rosenberg\60-Seconds-To-Failure\source\tile.cpp(186,26): warning C4244: 'argument': conversion from 'int' to 'float', possible loss of data
C:\Users\sapph\source\repos\ian-rosenberg\60-Seconds-To-Failure\source\tile.cpp(186,20): warning C4244: 'argument': conversion from 'int' to 'float', possible loss of data
C:\Users\sapph\source\repos\ian-rosenberg\60-Seconds-To-Failure\source\tile.cpp(188,33): warning C4244: '+=': conversion from 'double' to 'int', possible loss of data
C:\Users\sapph\source\repos\ian-rosenberg\60-Seconds-To-Failure\source\tile.cpp(194,33): warning C4267: '=': conversion from 'size_t' to 'int', possible loss of data
C:\Users\sapph\source\repos\ian-rosenberg\60-Seconds-To-Failure\source\tile.cpp(194,58): warning C4267: '=': conversion from 'size_t' to 'int', possible loss of data
C:\Users\sapph\source\repos\ian-rosenberg\60-Seconds-To-Failure\source\tile.cpp(196,25): warning C4244: 'argument': conversion from 'int' to 'float', possible loss of data
C:\Users\sapph\source\repos\ian-rosenberg\60-Seconds-To-Failure\source\tile.cpp(196,19): warning C4244: 'argument': conversion from 'int' to 'float', possible loss of data
C:\Users\sapph\source\repos\ian-rosenberg\60-Seconds-To-Failure\source\tile.cpp(269,25): warning C4244: 'argument': conversion from 'double' to 'float', possible loss of data
C:\Users\sapph\source\repos\ian-rosenberg\60-Seconds-To-Failure\source\tile.cpp(269,18): warning C4244: 'argument': conversion from 'double' to 'float', possible loss of data
C:\Users\sapph\source\repos\ian-rosenberg\60-Seconds-To-Failure\source\tile.cpp(288,64): warning C4244: 'argument': conversion from 'double' to 'float', possible loss of data
C:\Users\sapph\source\repos\ian-rosenberg\60-Seconds-To-Failure\source\tile.cpp(288,34): warning C4244: 'argument': conversion from 'double' to 'float', possible loss of data
C:\Users\sapph\source\repos\ian-rosenberg\60-Seconds-To-Failure\source\tile.cpp(301,19): warning C4305: '=': truncation from 'double' to 'float'
C:\Users\sapph\source\repos\ian-rosenberg\60-Seconds-To-Failure\source\tile.cpp(305,14): warning C4305: '=': truncation from 'double' to 'float'
C:\Users\sapph\source\repos\ian-rosenberg\60-Seconds-To-Failure\source\tile.cpp(309,19): warning C4305: '=': truncation from 'double' to 'float'
C:\Users\sapph\source\repos\ian-rosenberg\60-Seconds-To-Failure\source\tile.cpp(355,35): warning C4267: 'argument': conversion from 'size_t' to 'int32', possible loss of data
C:\Users\sapph\source\repos\ian-rosenberg\60-Seconds-To-Failure\source\tile.cpp(281,10): warning C4101: 'tV': unreferenced local variable
C:\Users\sapph\source\repos\ian-rosenberg\60-Seconds-To-Failure\source\tile.cpp(424,48): warning C4244: 'argument': conversion from 'double' to 'float', possible loss of data
C:\Users\sapph\source\repos\ian-rosenberg\60-Seconds-To-Failure\source\tile.cpp(424,28): warning C4244: 'argument': conversion from 'double' to 'float', possible loss of data
C:\Users\sapph\source\repos\ian-rosenberg\60-Seconds-To-Failure\source\tile.cpp(572,24): warning C4244: 'argument': conversion from 'double' to 'float', possible loss of data
C:\Users\sapph\source\repos\ian-rosenberg\60-Seconds-To-Failure\source\tile.cpp(572,14): warning C4244: 'argument': conversion from 'double' to 'float', possible loss of data
C:\Users\sapph\source\repos\ian-rosenberg\60-Seconds-To-Failure\source\tile.cpp(549,8): warning C4101: 'xNew': unreferenced local variable
C:\Users\sapph\source\repos\ian-rosenberg\60-Seconds-To-Failure\source\tile.cpp(549,14): warning C4101: 'yNew': unreferenced local variable
C:\Users\sapph\source\repos\ian-rosenberg\60-Seconds-To-Failure\source\tile.cpp(646,21): warning C4267: 'initializing': conversion from 'size_t' to 'int32', possible loss of data
C:\Users\sapph\source\repos\ian-rosenberg\60-Seconds-To-Failure\source\tile.cpp(663,67): warning C4244: 'argument': conversion from 'double' to 'int', possible loss of data
C:\Users\sapph\source\repos\ian-rosenberg\60-Seconds-To-Failure\source\tile.cpp(663,62): warning C4244: 'argument': conversion from 'double' to 'int', possible loss of data
C:\Users\sapph\source\repos\ian-rosenberg\60-Seconds-To-Failure\source\tile.cpp(663,57): warning C4244: 'argument': conversion from 'double' to 'int', possible loss of data
C:\Users\sapph\source\repos\ian-rosenberg\60-Seconds-To-Failure\source\tile.cpp(663,52): warning C4244: 'argument': conversion from 'double' to 'int', possible loss of data
C:\Users\sapph\source\repos\ian-rosenberg\60-Seconds-To-Failure\source\tile.cpp(676,65): warning C4244: 'argument': conversion from 'double' to 'int', possible loss of data
C:\Users\sapph\source\repos\ian-rosenberg\60-Seconds-To-Failure\source\tile.cpp(676,60): warning C4244: 'argument': conversion from 'double' to 'int', possible loss of data
C:\Users\sapph\source\repos\ian-rosenberg\60-Seconds-To-Failure\source\tile.cpp(676,55): warning C4244: 'argument': conversion from 'double' to 'int', possible loss of data
C:\Users\sapph\source\repos\ian-rosenberg\60-Seconds-To-Failure\source\tile.cpp(676,50): warning C4244: 'argument': conversion from 'double' to 'int', possible loss of data
C:\Users\sapph\source\repos\ian-rosenberg\60-Seconds-To-Failure\source\tile.cpp(693,21): warning C4267: 'initializing': conversion from 'size_t' to 'int', possible loss of data
C:\Users\sapph\source\repos\ian-rosenberg\60-Seconds-To-Failure\source\tile.cpp(699,21): warning C4267: 'initializing': conversion from 'size_t' to 'int', possible loss of data
C:\Users\sapph\source\repos\ian-rosenberg\60-Seconds-To-Failure\source\tile.cpp(796,7): warning C4838: conversion from 'uint32_t' to 'int' requires a narrowing conversion
C:\Users\sapph\source\repos\ian-rosenberg\60-Seconds-To-Failure\source\tile.cpp(797,7): warning C4838: conversion from 'uint32_t' to 'int' requires a narrowing conversion
C:\Users\sapph\source\repos\ian-rosenberg\60-Seconds-To-Failure\source\tile.cpp(834,33): warning C4244: '=': conversion from 'int' to 'float', possible loss of data
C:\Users\sapph\source\repos\ian-rosenberg\60-Seconds-To-Failure\source\tile.cpp(838,30): warning C4267: 'argument': conversion from 'size_t' to 'int', possible loss of data
C:\Users\sapph\source\repos\ian-rosenberg\60-Seconds-To-Failure\source\tile.cpp(712,11): warning C4101: 'srcRect': unreferenced local variable
C:\Users\sapph\source\repos\ian-rosenberg\60-Seconds-To-Failure\source\tile.cpp(906,14): warning C4101: 'hillOrient': unreferenced local variable
C:\Users\sapph\source\repos\ian-rosenberg\60-Seconds-To-Failure\source\tile.cpp(1445,23): warning C4267: '=': conversion from 'size_t' to 'SHORT', possible loss of data
C:\Users\sapph\source\repos\ian-rosenberg\60-Seconds-To-Failure\source\tile.cpp(1446,20): warning C4267: '=': conversion from 'size_t' to 'SHORT', possible loss of data
C:\Users\sapph\source\repos\ian-rosenberg\60-Seconds-To-Failure\source\tile.cpp(1450,46): warning C4267: '=': conversion from 'size_t' to 'SHORT', possible loss of data
C:\Users\sapph\source\repos\ian-rosenberg\60-Seconds-To-Failure\source\tile.cpp(1452,44): warning C4267: '=': conversion from 'size_t' to 'SHORT', possible loss of data
C:\Users\sapph\source\repos\ian-rosenberg\60-Seconds-To-Failure\source\tile.cpp(1595,26): warning C4244: '=': conversion from 'double' to 'int', possible loss of data
C:\Users\sapph\source\repos\ian-rosenberg\60-Seconds-To-Failure\source\tile.cpp(1596,26): warning C4244: '=': conversion from 'double' to 'int', possible loss of data
C:\Users\sapph\source\repos\ian-rosenberg\60-Seconds-To-Failure\source\tile.cpp(1574,8): warning C4101: 'newTile': unreferenced local variable
C:\Users\sapph\source\repos\ian-rosenberg\60-Seconds-To-Failure\source\tile.cpp(1641,31): warning C4244: 'initializing': conversion from 'double' to 'int', possible loss of data
C:\Users\sapph\source\repos\ian-rosenberg\60-Seconds-To-Failure\source\tile.cpp(1641,47): warning C4244: 'initializing': conversion from 'double' to 'int', possible loss of data
C:\Users\sapph\source\repos\ian-rosenberg\60-Seconds-To-Failure\source\tile.cpp(1641,55): warning C4244: 'initializing': conversion from 'double' to 'int', possible loss of data
C:\Users\sapph\source\repos\ian-rosenberg\60-Seconds-To-Failure\source\tile.cpp(1641,63): warning C4244: 'initializing': conversion from 'double' to 'int', possible loss of data
C:\Users\sapph\source\repos\ian-rosenberg\60-Seconds-To-Failure\source\tile.cpp(1643,24): warning C4244: '=': conversion from 'const _Ty' to 'int', possible loss of data
          with
          [
              _Ty=double
          ]
C:\Users\sapph\source\repos\ian-rosenberg\60-Seconds-To-Failure\source\tile.cpp(1644,24): warning C4244: '=': conversion from 'const _Ty' to 'int', possible loss of data
          with
          [
              _Ty=double
          ]
C:\Users\sapph\source\repos\ian-rosenberg\60-Seconds-To-Failure\source\tile.cpp(1666,9): warning C4101: 'fmt': unreferenced local variable
  60 Seconds To Failure.vcxproj -> C:\Users\sapph\source\repos\ian-rosenberg\60-Seconds-To-Failure\Build\x64\Debug\60 Seconds To Failure.exe
